<?xml version="1.0" encoding="UTF-8" ?>
<testsuite errors="0" failures="0" hostname="Miikas-MBP" name="template.TemplateTest" skipped="0" tests="3" time="0.085" timestamp="2015-11-04T18:46:15">
  <properties>
[...]
</properties>
  <testcase classname="template.TemplateTest" name="montaMuuttujaa" time="0.002" />
  <testcase classname="template.TemplateTest" name="tuntematonMuuttuja" time="0.0" />
  <testcase classname="template.TemplateTest" name="puuttuvastaPoikkeus" time="0.0" />
  <system-out><![CDATA[]]></system-out>
  <system-err><![CDATA[]]></system-err>
</testsuite>
